{
  "C:\\Intel\\questo\\projects\\squoosh\\src\\client\\lazy-app\\util\\canvas.ts": {
    "path": "C:\\Intel\\questo\\projects\\squoosh\\src\\client\\lazy-app\\util\\canvas.ts",
    "statementMap": {
      "0": {
        "start": { "line": 3, "column": 14 },
        "end": { "line": 3, "column": 37 }
      },
      "1": {
        "start": { "line": 4, "column": 2 },
        "end": { "line": 4, "column": 50 }
      },
      "2": {
        "start": { "line": 4, "column": 12 },
        "end": { "line": 4, "column": 50 }
      },
      "3": {
        "start": { "line": 5, "column": 2 },
        "end": { "line": 5, "column": 51 }
      },
      "4": {
        "start": { "line": 6, "column": 2 },
        "end": { "line": 6, "column": 31 }
      },
      "5": {
        "start": { "line": 2, "column": 0 },
        "end": { "line": 2, "column": 16 }
      },
      "6": {
        "start": { "line": 21, "column": 17 },
        "end": { "line": 21, "column": 49 }
      },
      "7": {
        "start": { "line": 22, "column": 2 },
        "end": { "line": 22, "column": 28 }
      },
      "8": {
        "start": { "line": 23, "column": 2 },
        "end": { "line": 23, "column": 30 }
      },
      "9": {
        "start": { "line": 24, "column": 14 },
        "end": { "line": 24, "column": 37 }
      },
      "10": {
        "start": { "line": 25, "column": 2 },
        "end": { "line": 25, "column": 50 }
      },
      "11": {
        "start": { "line": 25, "column": 12 },
        "end": { "line": 25, "column": 50 }
      },
      "12": {
        "start": { "line": 26, "column": 2 },
        "end": { "line": 26, "column": 31 }
      },
      "13": {
        "start": { "line": 30, "column": 2 },
        "end": { "line": 51, "column": null }
      },
      "14": {
        "start": { "line": 31, "column": 4 },
        "end": { "line": 33, "column": 6 }
      },
      "15": {
        "start": { "line": 32, "column": 6 },
        "end": { "line": 32, "column": 37 }
      },
      "16": {
        "start": { "line": 37, "column": 21 },
        "end": { "line": 37, "column": 74 }
      },
      "17": {
        "start": { "line": 38, "column": 19 },
        "end": { "line": 38, "column": 60 }
      },
      "18": {
        "start": { "line": 40, "column": 4 },
        "end": { "line": 40, "column": 56 }
      },
      "19": {
        "start": { "line": 40, "column": 17 },
        "end": { "line": 40, "column": 56 }
      },
      "20": {
        "start": { "line": 42, "column": 23 },
        "end": { "line": 42, "column": 32 }
      },
      "21": {
        "start": { "line": 43, "column": 22 },
        "end": { "line": 43, "column": 37 }
      },
      "22": {
        "start": { "line": 44, "column": 17 },
        "end": { "line": 44, "column": 49 }
      },
      "23": {
        "start": { "line": 46, "column": 4 },
        "end": { "line": 48, "column": null }
      },
      "24": {
        "start": { "line": 46, "column": 17 },
        "end": { "line": 46, "column": 18 }
      },
      "25": {
        "start": { "line": 47, "column": 6 },
        "end": { "line": 47, "column": 40 }
      },
      "26": {
        "start": { "line": 50, "column": 4 },
        "end": { "line": 50, "column": 50 }
      },
      "27": {
        "start": { "line": 53, "column": 2 },
        "end": { "line": 53, "column": 44 }
      },
      "28": {
        "start": { "line": 53, "column": 13 },
        "end": { "line": 53, "column": 44 }
      },
      "29": {
        "start": { "line": 54, "column": 2 },
        "end": { "line": 54, "column": 14 }
      },
      "30": {
        "start": { "line": 16, "column": 0 },
        "end": { "line": 16, "column": 7 }
      },
      "31": {
        "start": { "line": 77, "column": 6 },
        "end": { "line": 77, "column": 10 }
      },
      "32": {
        "start": { "line": 80, "column": 17 },
        "end": { "line": 80, "column": 49 }
      },
      "33": {
        "start": { "line": 81, "column": 2 },
        "end": { "line": 81, "column": 23 }
      },
      "34": {
        "start": { "line": 82, "column": 2 },
        "end": { "line": 82, "column": 25 }
      },
      "35": {
        "start": { "line": 84, "column": 14 },
        "end": { "line": 84, "column": 37 }
      },
      "36": {
        "start": { "line": 85, "column": 2 },
        "end": { "line": 85, "column": 63 }
      },
      "37": {
        "start": { "line": 85, "column": 12 },
        "end": { "line": 85, "column": 63 }
      },
      "38": {
        "start": { "line": 86, "column": 2 },
        "end": { "line": 86, "column": 63 }
      },
      "39": {
        "start": { "line": 87, "column": 2 },
        "end": { "line": 87, "column": 47 }
      },
      "40": {
        "start": { "line": 66, "column": 0 },
        "end": { "line": 66, "column": 16 }
      },
      "41": {
        "start": { "line": 102, "column": 23 },
        "end": { "line": 102, "column": 55 }
      },
      "42": {
        "start": { "line": 103, "column": 2 },
        "end": { "line": 103, "column": 34 }
      },
      "43": {
        "start": { "line": 104, "column": 2 },
        "end": { "line": 104, "column": 36 }
      },
      "44": {
        "start": { "line": 105, "column": 2 },
        "end": { "line": 105, "column": 39 }
      },
      "45": {
        "start": { "line": 107, "column": 21 },
        "end": { "line": 107, "column": 53 }
      },
      "46": {
        "start": { "line": 108, "column": 2 },
        "end": { "line": 108, "column": 24 }
      },
      "47": {
        "start": { "line": 109, "column": 2 },
        "end": { "line": 109, "column": 25 }
      },
      "48": {
        "start": { "line": 110, "column": 14 },
        "end": { "line": 110, "column": 41 }
      },
      "49": {
        "start": { "line": 111, "column": 2 },
        "end": { "line": 111, "column": 63 }
      },
      "50": {
        "start": { "line": 111, "column": 12 },
        "end": { "line": 111, "column": 63 }
      },
      "51": {
        "start": { "line": 113, "column": 2 },
        "end": { "line": 117, "column": null }
      },
      "52": {
        "start": { "line": 114, "column": 4 },
        "end": { "line": 114, "column": 38 }
      },
      "53": {
        "start": { "line": 116, "column": 4 },
        "end": { "line": 116, "column": 39 }
      },
      "54": {
        "start": { "line": 119, "column": 2 },
        "end": { "line": 119, "column": 60 }
      },
      "55": {
        "start": { "line": 120, "column": 2 },
        "end": { "line": 120, "column": 40 }
      },
      "56": {
        "start": { "line": 92, "column": 0 },
        "end": { "line": 92, "column": 16 }
      },
      "57": {
        "start": { "line": 127, "column": 2 },
        "end": { "line": 135, "column": null }
      },
      "58": {
        "start": { "line": 128, "column": 17 },
        "end": { "line": 128, "column": 66 }
      },
      "59": {
        "start": { "line": 130, "column": 4 },
        "end": { "line": 130, "column": 28 }
      },
      "60": {
        "start": { "line": 130, "column": 15 },
        "end": { "line": 130, "column": 28 }
      },
      "61": {
        "start": { "line": 132, "column": 4 },
        "end": { "line": 132, "column": 34 }
      },
      "62": {
        "start": { "line": 134, "column": 4 },
        "end": { "line": 134, "column": 17 }
      },
      "63": {
        "start": { "line": 126, "column": 0 },
        "end": { "line": 126, "column": 7 }
      }
    },
    "fnMap": {
      "0": {
        "name": "drawDataToCanvas",
        "decl": {
          "start": { "line": 2, "column": 16 },
          "end": { "line": 2, "column": 32 }
        },
        "loc": {
          "start": { "line": 2, "column": 75 },
          "end": { "line": 7, "column": 1 }
        }
      },
      "1": {
        "name": "canvasEncode",
        "decl": {
          "start": { "line": 16, "column": 22 },
          "end": { "line": 16, "column": 34 }
        },
        "loc": {
          "start": { "line": 19, "column": 18 },
          "end": { "line": 55, "column": 1 }
        }
      },
      "2": {
        "name": "(anonymous_2)",
        "decl": {
          "start": { "line": 31, "column": 42 },
          "end": { "line": 31, "column": 43 }
        },
        "loc": {
          "start": { "line": 32, "column": 6 },
          "end": { "line": 32, "column": 37 }
        }
      },
      "3": {
        "name": "drawableToImageData",
        "decl": {
          "start": { "line": 66, "column": 16 },
          "end": { "line": 66, "column": 35 }
        },
        "loc": {
          "start": { "line": 68, "column": 39 },
          "end": { "line": 88, "column": 1 }
        }
      },
      "4": {
        "name": "builtinResize",
        "decl": {
          "start": { "line": 92, "column": 16 },
          "end": { "line": 92, "column": 29 }
        },
        "loc": {
          "start": { "line": 100, "column": 29 },
          "end": { "line": 121, "column": 1 }
        }
      },
      "5": {
        "name": "canvasEncodeTest",
        "decl": {
          "start": { "line": 126, "column": 22 },
          "end": { "line": 126, "column": 38 }
        },
        "loc": {
          "start": { "line": 126, "column": 55 },
          "end": { "line": 136, "column": 1 }
        }
      }
    },
    "branchMap": {
      "0": {
        "loc": {
          "start": { "line": 4, "column": 2 },
          "end": { "line": 4, "column": 50 }
        },
        "type": "if",
        "locations": [
          {
            "start": { "line": 4, "column": 2 },
            "end": { "line": 4, "column": 50 }
          }
        ]
      },
      "1": {
        "loc": {
          "start": { "line": 25, "column": 2 },
          "end": { "line": 25, "column": 50 }
        },
        "type": "if",
        "locations": [
          {
            "start": { "line": 25, "column": 2 },
            "end": { "line": 25, "column": 50 }
          }
        ]
      },
      "2": {
        "loc": {
          "start": { "line": 30, "column": 2 },
          "end": { "line": 51, "column": null }
        },
        "type": "if",
        "locations": [
          {
            "start": { "line": 30, "column": 2 },
            "end": { "line": 51, "column": null }
          },
          {
            "start": { "line": 34, "column": 9 },
            "end": { "line": 51, "column": null }
          }
        ]
      },
      "3": {
        "loc": {
          "start": { "line": 40, "column": 4 },
          "end": { "line": 40, "column": 56 }
        },
        "type": "if",
        "locations": [
          {
            "start": { "line": 40, "column": 4 },
            "end": { "line": 40, "column": 56 }
          }
        ]
      },
      "4": {
        "loc": {
          "start": { "line": 53, "column": 2 },
          "end": { "line": 53, "column": 44 }
        },
        "type": "if",
        "locations": [
          {
            "start": { "line": 53, "column": 2 },
            "end": { "line": 53, "column": 44 }
          }
        ]
      },
      "5": {
        "loc": {
          "start": { "line": 68, "column": 2 },
          "end": { "line": 68, "column": 39 }
        },
        "type": "default-arg",
        "locations": [
          {
            "start": { "line": 68, "column": 37 },
            "end": { "line": 68, "column": 39 }
          }
        ]
      },
      "6": {
        "loc": {
          "start": { "line": 71, "column": 4 },
          "end": { "line": 71, "column": 26 }
        },
        "type": "default-arg",
        "locations": [
          {
            "start": { "line": 71, "column": 12 },
            "end": { "line": 71, "column": 26 }
          }
        ]
      },
      "7": {
        "loc": {
          "start": { "line": 72, "column": 4 },
          "end": { "line": 72, "column": 28 }
        },
        "type": "default-arg",
        "locations": [
          {
            "start": { "line": 72, "column": 13 },
            "end": { "line": 72, "column": 28 }
          }
        ]
      },
      "8": {
        "loc": {
          "start": { "line": 73, "column": 4 },
          "end": { "line": 73, "column": 10 }
        },
        "type": "default-arg",
        "locations": [
          {
            "start": { "line": 73, "column": 9 },
            "end": { "line": 73, "column": 10 }
          }
        ]
      },
      "9": {
        "loc": {
          "start": { "line": 74, "column": 4 },
          "end": { "line": 74, "column": 10 }
        },
        "type": "default-arg",
        "locations": [
          {
            "start": { "line": 74, "column": 9 },
            "end": { "line": 74, "column": 10 }
          }
        ]
      },
      "10": {
        "loc": {
          "start": { "line": 75, "column": 4 },
          "end": { "line": 75, "column": 23 }
        },
        "type": "default-arg",
        "locations": [
          {
            "start": { "line": 75, "column": 9 },
            "end": { "line": 75, "column": 23 }
          }
        ]
      },
      "11": {
        "loc": {
          "start": { "line": 76, "column": 4 },
          "end": { "line": 76, "column": 24 }
        },
        "type": "default-arg",
        "locations": [
          {
            "start": { "line": 76, "column": 9 },
            "end": { "line": 76, "column": 24 }
          }
        ]
      },
      "12": {
        "loc": {
          "start": { "line": 85, "column": 2 },
          "end": { "line": 85, "column": 63 }
        },
        "type": "if",
        "locations": [
          {
            "start": { "line": 85, "column": 2 },
            "end": { "line": 85, "column": 63 }
          }
        ]
      },
      "13": {
        "loc": {
          "start": { "line": 111, "column": 2 },
          "end": { "line": 111, "column": 63 }
        },
        "type": "if",
        "locations": [
          {
            "start": { "line": 111, "column": 2 },
            "end": { "line": 111, "column": 63 }
          }
        ]
      },
      "14": {
        "loc": {
          "start": { "line": 113, "column": 2 },
          "end": { "line": 117, "column": null }
        },
        "type": "if",
        "locations": [
          {
            "start": { "line": 113, "column": 2 },
            "end": { "line": 117, "column": null }
          },
          {
            "start": { "line": 115, "column": 9 },
            "end": { "line": 117, "column": null }
          }
        ]
      },
      "15": {
        "loc": {
          "start": { "line": 130, "column": 4 },
          "end": { "line": 130, "column": 28 }
        },
        "type": "if",
        "locations": [
          {
            "start": { "line": 130, "column": 4 },
            "end": { "line": 130, "column": 28 }
          }
        ]
      }
    },
    "s": {
      "0": 0,
      "1": 0,
      "2": 0,
      "3": 0,
      "4": 0,
      "5": 2,
      "6": 0,
      "7": 0,
      "8": 0,
      "9": 0,
      "10": 0,
      "11": 0,
      "12": 0,
      "13": 0,
      "14": 0,
      "15": 0,
      "16": 0,
      "17": 0,
      "18": 0,
      "19": 0,
      "20": 0,
      "21": 0,
      "22": 0,
      "23": 0,
      "24": 0,
      "25": 0,
      "26": 0,
      "27": 0,
      "28": 0,
      "29": 0,
      "30": 2,
      "31": 3,
      "32": 3,
      "33": 3,
      "34": 3,
      "35": 3,
      "36": 3,
      "37": 1,
      "38": 2,
      "39": 2,
      "40": 2,
      "41": 0,
      "42": 0,
      "43": 0,
      "44": 0,
      "45": 0,
      "46": 0,
      "47": 0,
      "48": 0,
      "49": 0,
      "50": 0,
      "51": 0,
      "52": 0,
      "53": 0,
      "54": 0,
      "55": 0,
      "56": 2,
      "57": 0,
      "58": 0,
      "59": 0,
      "60": 0,
      "61": 0,
      "62": 0,
      "63": 2
    },
    "f": { "0": 0, "1": 0, "2": 0, "3": 3, "4": 0, "5": 0 },
    "b": {
      "0": [0],
      "1": [0],
      "2": [0, 0],
      "3": [0],
      "4": [0],
      "5": [3],
      "6": [3],
      "7": [3],
      "8": [3],
      "9": [3],
      "10": [3],
      "11": [3],
      "12": [1],
      "13": [0],
      "14": [0, 0],
      "15": [0]
    }
  },
  "C:\\Intel\\questo\\projects\\squoosh\\src\\client\\lazy-app\\util\\clean-modify.ts": {
    "path": "C:\\Intel\\questo\\projects\\squoosh\\src\\client\\lazy-app\\util\\clean-modify.ts",
    "statementMap": {
      "0": {
        "start": { "line": 7, "column": 20 },
        "end": { "line": 7, "column": 71 }
      },
      "1": {
        "start": { "line": 12, "column": 13 },
        "end": { "line": 12, "column": 32 }
      },
      "2": {
        "start": { "line": 13, "column": 20 },
        "end": { "line": 13, "column": 24 }
      },
      "3": {
        "start": { "line": 15, "column": 20 },
        "end": { "line": 15, "column": 40 }
      },
      "4": {
        "start": { "line": 17, "column": 2 },
        "end": { "line": 27, "column": null }
      },
      "5": {
        "start": { "line": 18, "column": 4 },
        "end": { "line": 26, "column": null }
      },
      "6": {
        "start": { "line": 20, "column": 6 },
        "end": { "line": 20, "column": 41 }
      },
      "7": {
        "start": { "line": 23, "column": 6 },
        "end": { "line": 25, "column": 23 }
      },
      "8": {
        "start": { "line": 29, "column": 2 },
        "end": { "line": 29, "column": 19 }
      },
      "9": {
        "start": { "line": 34, "column": 2 },
        "end": { "line": 34, "column": 55 }
      },
      "10": {
        "start": { "line": 34, "column": 29 },
        "end": { "line": 34, "column": 55 }
      },
      "11": {
        "start": { "line": 35, "column": 2 },
        "end": { "line": 35, "column": 32 }
      },
      "12": {
        "start": { "line": 48, "column": 2 },
        "end": { "line": 48, "column": 54 }
      },
      "13": {
        "start": { "line": 43, "column": 0 },
        "end": { "line": 43, "column": 16 }
      },
      "14": {
        "start": { "line": 61, "column": 2 },
        "end": { "line": 61, "column": 56 }
      },
      "15": {
        "start": { "line": 56, "column": 0 },
        "end": { "line": 56, "column": 16 }
      }
    },
    "fnMap": {
      "0": {
        "name": "cleanSetOrMerge",
        "decl": {
          "start": { "line": 1, "column": 9 },
          "end": { "line": 1, "column": 24 }
        },
        "loc": {
          "start": { "line": 5, "column": 16 },
          "end": { "line": 30, "column": 1 }
        }
      },
      "1": {
        "name": "copy",
        "decl": {
          "start": { "line": 32, "column": 9 },
          "end": { "line": 32, "column": 13 }
        },
        "loc": {
          "start": { "line": 32, "column": 49 },
          "end": { "line": 36, "column": 1 }
        }
      },
      "2": {
        "name": "cleanMerge",
        "decl": {
          "start": { "line": 43, "column": 16 },
          "end": { "line": 43, "column": 26 }
        },
        "loc": {
          "start": { "line": 46, "column": 25 },
          "end": { "line": 49, "column": 1 }
        }
      },
      "3": {
        "name": "cleanSet",
        "decl": {
          "start": { "line": 56, "column": 16 },
          "end": { "line": 56, "column": 24 }
        },
        "loc": {
          "start": { "line": 59, "column": 15 },
          "end": { "line": 62, "column": 1 }
        }
      }
    },
    "branchMap": {
      "0": {
        "loc": {
          "start": { "line": 7, "column": 20 },
          "end": { "line": 7, "column": 71 }
        },
        "type": "cond-expr",
        "locations": [
          {
            "start": { "line": 7, "column": 42 },
            "end": { "line": 7, "column": 46 }
          },
          {
            "start": { "line": 7, "column": 49 },
            "end": { "line": 7, "column": 71 }
          }
        ]
      },
      "1": {
        "loc": {
          "start": { "line": 18, "column": 4 },
          "end": { "line": 26, "column": null }
        },
        "type": "if",
        "locations": [
          {
            "start": { "line": 18, "column": 4 },
            "end": { "line": 26, "column": null }
          },
          {
            "start": { "line": 21, "column": 11 },
            "end": { "line": 26, "column": null }
          }
        ]
      },
      "2": {
        "loc": {
          "start": { "line": 23, "column": 18 },
          "end": { "line": 25, "column": 22 }
        },
        "type": "cond-expr",
        "locations": [
          {
            "start": { "line": 24, "column": 10 },
            "end": { "line": 24, "column": 54 }
          },
          {
            "start": { "line": 25, "column": 10 },
            "end": { "line": 25, "column": 22 }
          }
        ]
      },
      "3": {
        "loc": {
          "start": { "line": 34, "column": 2 },
          "end": { "line": 34, "column": 55 }
        },
        "type": "if",
        "locations": [
          {
            "start": { "line": 34, "column": 2 },
            "end": { "line": 34, "column": 55 }
          }
        ]
      }
    },
    "s": {
      "0": 0,
      "1": 0,
      "2": 0,
      "3": 0,
      "4": 0,
      "5": 0,
      "6": 0,
      "7": 0,
      "8": 0,
      "9": 0,
      "10": 0,
      "11": 0,
      "12": 0,
      "13": 0,
      "14": 0,
      "15": 0
    },
    "f": { "0": 0, "1": 0, "2": 0, "3": 0 },
    "b": { "0": [0, 0], "1": [0, 0], "2": [0, 0], "3": [0] }
  },
  "C:\\Intel\\questo\\projects\\squoosh\\src\\client\\lazy-app\\util\\index.ts": {
    "path": "C:\\Intel\\questo\\projects\\squoosh\\src\\client\\lazy-app\\util\\index.ts",
    "statementMap": {
      "0": {
        "start": { "line": 13, "column": 0 },
        "end": { "line": 13, "column": 47 }
      },
      "1": {
        "start": { "line": 16, "column": 13 },
        "end": { "line": 18, "column": 46 }
      },
      "2": {
        "start": { "line": 25, "column": 2 },
        "end": { "line": 25, "column": 59 }
      },
      "3": {
        "start": { "line": 25, "column": 23 },
        "end": { "line": 25, "column": 59 }
      },
      "4": {
        "start": { "line": 25, "column": 46 },
        "end": { "line": 25, "column": 59 }
      },
      "5": {
        "start": { "line": 26, "column": 2 },
        "end": { "line": 26, "column": 53 }
      },
      "6": {
        "start": { "line": 26, "column": 23 },
        "end": { "line": 26, "column": 53 }
      },
      "7": {
        "start": { "line": 26, "column": 40 },
        "end": { "line": 26, "column": 53 }
      },
      "8": {
        "start": { "line": 27, "column": 2 },
        "end": { "line": 27, "column": 14 }
      },
      "9": {
        "start": { "line": 24, "column": 0 },
        "end": { "line": 24, "column": 16 }
      },
      "10": {
        "start": { "line": 31, "column": 14 },
        "end": { "line": 31, "column": 25 }
      },
      "11": {
        "start": { "line": 32, "column": 2 },
        "end": { "line": 32, "column": 25 }
      },
      "12": {
        "start": { "line": 33, "column": 2 },
        "end": { "line": 33, "column": 16 }
      },
      "13": {
        "start": { "line": 34, "column": 17 },
        "end": { "line": 37, "column": 4 }
      },
      "14": {
        "start": { "line": 35, "column": 4 },
        "end": { "line": 35, "column": 33 }
      },
      "15": {
        "start": { "line": 35, "column": 23 },
        "end": { "line": 35, "column": 32 }
      },
      "16": {
        "start": { "line": 36, "column": 4 },
        "end": { "line": 36, "column": 61 }
      },
      "17": {
        "start": { "line": 36, "column": 24 },
        "end": { "line": 36, "column": 60 }
      },
      "18": {
        "start": { "line": 39, "column": 2 },
        "end": { "line": 44, "column": null }
      },
      "19": {
        "start": { "line": 43, "column": 4 },
        "end": { "line": 43, "column": 41 }
      },
      "20": {
        "start": { "line": 43, "column": 35 },
        "end": { "line": 43, "column": 39 }
      },
      "21": {
        "start": { "line": 47, "column": 2 },
        "end": { "line": 47, "column": 15 }
      },
      "22": {
        "start": { "line": 48, "column": 2 },
        "end": { "line": 48, "column": 13 }
      },
      "23": {
        "start": { "line": 52, "column": 23 },
        "end": { "line": 52, "column": 58 }
      },
      "24": {
        "start": { "line": 61, "column": 2 },
        "end": { "line": 78, "column": null }
      },
      "25": {
        "start": { "line": 62, "column": 26 },
        "end": { "line": 75, "column": 8 }
      },
      "26": {
        "start": { "line": 63, "column": 22 },
        "end": { "line": 63, "column": 55 }
      },
      "27": {
        "start": { "line": 64, "column": 18 },
        "end": { "line": 64, "column": 47 }
      },
      "28": {
        "start": { "line": 65, "column": 21 },
        "end": { "line": 65, "column": 53 }
      },
      "29": {
        "start": { "line": 66, "column": 6 },
        "end": { "line": 66, "column": 32 }
      },
      "30": {
        "start": { "line": 67, "column": 6 },
        "end": { "line": 67, "column": 25 }
      },
      "31": {
        "start": { "line": 68, "column": 6 },
        "end": { "line": 68, "column": 34 }
      },
      "32": {
        "start": { "line": 71, "column": 6 },
        "end": { "line": 71, "column": 14 }
      },
      "33": {
        "start": { "line": 74, "column": 6 },
        "end": { "line": 74, "column": 30 }
      },
      "34": {
        "start": { "line": 77, "column": 4 },
        "end": { "line": 77, "column": 44 }
      },
      "35": {
        "start": { "line": 80, "column": 2 },
        "end": { "line": 80, "column": 35 }
      },
      "36": {
        "start": { "line": 60, "column": 0 },
        "end": { "line": 60, "column": 16 }
      },
      "37": {
        "start": { "line": 84, "column": 2 },
        "end": { "line": 84, "column": 42 }
      },
      "38": {
        "start": { "line": 83, "column": 0 },
        "end": { "line": 83, "column": 16 }
      },
      "39": {
        "start": { "line": 88, "column": 2 },
        "end": { "line": 88, "column": 35 }
      },
      "40": {
        "start": { "line": 87, "column": 0 },
        "end": { "line": 87, "column": 16 }
      },
      "41": {
        "start": { "line": 91, "column": 28 },
        "end": { "line": 107, "column": 11 }
      },
      "42": {
        "start": { "line": 111, "column": 30 },
        "end": { "line": 112, "column": null }
      },
      "43": {
        "start": { "line": 116, "column": 21 },
        "end": { "line": 116, "column": 63 }
      },
      "44": {
        "start": { "line": 117, "column": 27 },
        "end": { "line": 119, "column": 13 }
      },
      "45": {
        "start": { "line": 118, "column": 16 },
        "end": { "line": 118, "column": 39 }
      },
      "46": {
        "start": { "line": 120, "column": 2 },
        "end": { "line": 124, "column": null }
      },
      "47": {
        "start": { "line": 121, "column": 4 },
        "end": { "line": 123, "column": null }
      },
      "48": {
        "start": { "line": 122, "column": 6 },
        "end": { "line": 122, "column": 22 }
      },
      "49": {
        "start": { "line": 125, "column": 2 },
        "end": { "line": 125, "column": 12 }
      },
      "50": {
        "start": { "line": 115, "column": 0 },
        "end": { "line": 115, "column": 7 }
      },
      "51": {
        "start": { "line": 129, "column": 14 },
        "end": { "line": 129, "column": 39 }
      },
      "52": {
        "start": { "line": 131, "column": 2 },
        "end": { "line": 135, "column": null }
      },
      "53": {
        "start": { "line": 132, "column": 4 },
        "end": { "line": 132, "column": 34 }
      },
      "54": {
        "start": { "line": 134, "column": 4 },
        "end": { "line": 134, "column": 29 }
      },
      "55": {
        "start": { "line": 128, "column": 0 },
        "end": { "line": 128, "column": 7 }
      },
      "56": {
        "start": { "line": 142, "column": 2 },
        "end": { "line": 142, "column": 23 }
      },
      "57": {
        "start": { "line": 145, "column": 19 },
        "end": { "line": 147, "column": null }
      },
      "58": {
        "start": { "line": 149, "column": 2 },
        "end": { "line": 149, "column": 39 }
      },
      "59": {
        "start": { "line": 138, "column": 0 },
        "end": { "line": 138, "column": 7 }
      },
      "60": {
        "start": { "line": 160, "column": 2 },
        "end": { "line": 160, "column": 32 }
      },
      "61": {
        "start": { "line": 160, "column": 14 },
        "end": { "line": 160, "column": 32 }
      },
      "62": {
        "start": { "line": 161, "column": 2 },
        "end": { "line": 161, "column": 40 }
      },
      "63": {
        "start": { "line": 156, "column": 0 },
        "end": { "line": 156, "column": 16 }
      },
      "64": {
        "start": { "line": 172, "column": 2 },
        "end": { "line": 172, "column": 32 }
      },
      "65": {
        "start": { "line": 172, "column": 14 },
        "end": { "line": 172, "column": 32 }
      },
      "66": {
        "start": { "line": 173, "column": 2 },
        "end": { "line": 173, "column": 42 }
      },
      "67": {
        "start": { "line": 168, "column": 0 },
        "end": { "line": 168, "column": 16 }
      },
      "68": {
        "start": { "line": 184, "column": 2 },
        "end": { "line": 184, "column": 32 }
      },
      "69": {
        "start": { "line": 184, "column": 14 },
        "end": { "line": 184, "column": 32 }
      },
      "70": {
        "start": { "line": 185, "column": 2 },
        "end": { "line": 185, "column": 45 }
      },
      "71": {
        "start": { "line": 180, "column": 0 },
        "end": { "line": 180, "column": 16 }
      },
      "72": {
        "start": { "line": 193, "column": 2 },
        "end": { "line": 193, "column": 32 }
      },
      "73": {
        "start": { "line": 193, "column": 14 },
        "end": { "line": 193, "column": 32 }
      },
      "74": {
        "start": { "line": 194, "column": 2 },
        "end": { "line": 194, "column": 43 }
      },
      "75": {
        "start": { "line": 192, "column": 0 },
        "end": { "line": 192, "column": 16 }
      },
      "76": {
        "start": { "line": 201, "column": 2 },
        "end": { "line": 216, "column": 5 }
      },
      "77": {
        "start": { "line": 203, "column": 28 },
        "end": { "line": 203, "column": 50 }
      },
      "78": {
        "start": { "line": 204, "column": 25 },
        "end": { "line": 204, "column": 27 }
      },
      "79": {
        "start": { "line": 206, "column": 21 },
        "end": { "line": 213, "column": 5 }
      },
      "80": {
        "start": { "line": 207, "column": 6 },
        "end": { "line": 207, "column": 38 }
      },
      "81": {
        "start": { "line": 208, "column": 6 },
        "end": { "line": 208, "column": 69 }
      },
      "82": {
        "start": { "line": 209, "column": 6 },
        "end": { "line": 212, "column": null }
      },
      "83": {
        "start": { "line": 210, "column": 8 },
        "end": { "line": 210, "column": 56 }
      },
      "84": {
        "start": { "line": 211, "column": 8 },
        "end": { "line": 211, "column": 18 }
      },
      "85": {
        "start": { "line": 215, "column": 4 },
        "end": { "line": 215, "column": 49 }
      },
      "86": {
        "start": { "line": 200, "column": 0 },
        "end": { "line": 200, "column": 16 }
      },
      "87": {
        "start": { "line": 235, "column": 6 },
        "end": { "line": 235, "column": 10 }
      },
      "88": {
        "start": { "line": 237, "column": 2 },
        "end": { "line": 240, "column": null }
      },
      "89": {
        "start": { "line": 238, "column": 4 },
        "end": { "line": 238, "column": 32 }
      },
      "90": {
        "start": { "line": 239, "column": 4 },
        "end": { "line": 239, "column": 11 }
      },
      "91": {
        "start": { "line": 242, "column": 2 },
        "end": { "line": 242, "column": 32 }
      },
      "92": {
        "start": { "line": 244, "column": 2 },
        "end": { "line": 244, "column": 33 }
      },
      "93": {
        "start": { "line": 245, "column": 2 },
        "end": { "line": 245, "column": 57 }
      },
      "94": {
        "start": { "line": 246, "column": 2 },
        "end": { "line": 246, "column": 30 }
      },
      "95": {
        "start": { "line": 248, "column": 2 },
        "end": { "line": 259, "column": 5 }
      },
      "96": {
        "start": { "line": 249, "column": 21 },
        "end": { "line": 255, "column": 5 }
      },
      "97": {
        "start": { "line": 250, "column": 6 },
        "end": { "line": 250, "column": 38 }
      },
      "98": {
        "start": { "line": 250, "column": 31 },
        "end": { "line": 250, "column": 38 }
      },
      "99": {
        "start": { "line": 251, "column": 6 },
        "end": { "line": 251, "column": 31 }
      },
      "100": {
        "start": { "line": 252, "column": 6 },
        "end": { "line": 252, "column": 56 }
      },
      "101": {
        "start": { "line": 253, "column": 6 },
        "end": { "line": 253, "column": 59 }
      },
      "102": {
        "start": { "line": 254, "column": 6 },
        "end": { "line": 254, "column": 16 }
      },
      "103": {
        "start": { "line": 257, "column": 4 },
        "end": { "line": 257, "column": 51 }
      },
      "104": {
        "start": { "line": 258, "column": 4 },
        "end": { "line": 258, "column": 54 }
      },
      "105": {
        "start": { "line": 226, "column": 0 },
        "end": { "line": 226, "column": 7 }
      },
      "106": {
        "start": { "line": 266, "column": 2 },
        "end": { "line": 266, "column": 25 }
      },
      "107": {
        "start": { "line": 265, "column": 0 },
        "end": { "line": 265, "column": 16 }
      },
      "108": {
        "start": { "line": 273, "column": 2 },
        "end": { "line": 273, "column": 73 }
      },
      "109": {
        "start": { "line": 273, "column": 22 },
        "end": { "line": 273, "column": 73 }
      },
      "110": {
        "start": { "line": 272, "column": 0 },
        "end": { "line": 272, "column": 16 }
      },
      "111": {
        "start": { "line": 284, "column": 2 },
        "end": { "line": 284, "column": 23 }
      },
      "112": {
        "start": { "line": 285, "column": 2 },
        "end": { "line": 292, "column": 5 }
      },
      "113": {
        "start": { "line": 288, "column": 6 },
        "end": { "line": 290, "column": 8 }
      },
      "114": {
        "start": { "line": 289, "column": 8 },
        "end": { "line": 289, "column": 60 }
      },
      "115": {
        "start": { "line": 280, "column": 0 },
        "end": { "line": 280, "column": 7 }
      }
    },
    "fnMap": {
      "0": {
        "name": "shallowEqual",
        "decl": {
          "start": { "line": 24, "column": 16 },
          "end": { "line": 24, "column": 28 }
        },
        "loc": {
          "start": { "line": 24, "column": 47 },
          "end": { "line": 28, "column": 1 }
        }
      },
      "1": {
        "name": "decodeImage",
        "decl": {
          "start": { "line": 30, "column": 15 },
          "end": { "line": 30, "column": 26 }
        },
        "loc": {
          "start": { "line": 30, "column": 38 },
          "end": { "line": 49, "column": 1 }
        }
      },
      "2": {
        "name": "(anonymous_2)",
        "decl": {
          "start": { "line": 34, "column": 35 },
          "end": { "line": 34, "column": 36 }
        },
        "loc": {
          "start": { "line": 34, "column": 55 },
          "end": { "line": 37, "column": 3 }
        }
      },
      "3": {
        "name": "(anonymous_3)",
        "decl": {
          "start": { "line": 35, "column": 17 },
          "end": { "line": 35, "column": 20 }
        },
        "loc": {
          "start": { "line": 35, "column": 23 },
          "end": { "line": 35, "column": 32 }
        }
      },
      "4": {
        "name": "(anonymous_4)",
        "decl": {
          "start": { "line": 36, "column": 18 },
          "end": { "line": 36, "column": 21 }
        },
        "loc": {
          "start": { "line": 36, "column": 24 },
          "end": { "line": 36, "column": 60 }
        }
      },
      "5": {
        "name": "(anonymous_5)",
        "decl": {
          "start": { "line": 43, "column": 29 },
          "end": { "line": 43, "column": 32 }
        },
        "loc": {
          "start": { "line": 43, "column": 35 },
          "end": { "line": 43, "column": 39 }
        }
      },
      "6": {
        "name": "canDecodeImageType",
        "decl": {
          "start": { "line": 60, "column": 16 },
          "end": { "line": 60, "column": 34 }
        },
        "loc": {
          "start": { "line": 60, "column": 47 },
          "end": { "line": 81, "column": 1 }
        }
      },
      "7": {
        "name": "(anonymous_7)",
        "decl": {
          "start": { "line": 62, "column": 27 },
          "end": { "line": 62, "column": 32 }
        },
        "loc": {
          "start": { "line": 62, "column": 38 },
          "end": { "line": 75, "column": 5 }
        }
      },
      "8": {
        "name": "blobToArrayBuffer",
        "decl": {
          "start": { "line": 83, "column": 16 },
          "end": { "line": 83, "column": 33 }
        },
        "loc": {
          "start": { "line": 83, "column": 44 },
          "end": { "line": 85, "column": 1 }
        }
      },
      "9": {
        "name": "blobToText",
        "decl": {
          "start": { "line": 87, "column": 16 },
          "end": { "line": 87, "column": 26 }
        },
        "loc": {
          "start": { "line": 87, "column": 37 },
          "end": { "line": 89, "column": 1 }
        }
      },
      "10": {
        "name": "sniffMimeType",
        "decl": {
          "start": { "line": 115, "column": 22 },
          "end": { "line": 115, "column": 35 }
        },
        "loc": {
          "start": { "line": 115, "column": 46 },
          "end": { "line": 126, "column": 1 }
        }
      },
      "11": {
        "name": "(anonymous_11)",
        "decl": {
          "start": { "line": 118, "column": 9 },
          "end": { "line": 118, "column": 10 }
        },
        "loc": {
          "start": { "line": 118, "column": 16 },
          "end": { "line": 118, "column": 39 }
        }
      },
      "12": {
        "name": "blobToImg",
        "decl": {
          "start": { "line": 128, "column": 22 },
          "end": { "line": 128, "column": 31 }
        },
        "loc": {
          "start": { "line": 128, "column": 42 },
          "end": { "line": 136, "column": 1 }
        }
      },
      "13": {
        "name": "builtinDecode",
        "decl": {
          "start": { "line": 138, "column": 22 },
          "end": { "line": 138, "column": 35 }
        },
        "loc": {
          "start": { "line": 140, "column": 12 },
          "end": { "line": 150, "column": 1 }
        }
      },
      "14": {
        "name": "inputFieldValueAsNumber",
        "decl": {
          "start": { "line": 156, "column": 16 },
          "end": { "line": 156, "column": 39 }
        },
        "loc": {
          "start": { "line": 158, "column": 24 },
          "end": { "line": 162, "column": 1 }
        }
      },
      "15": {
        "name": "inputFieldCheckedAsNumber",
        "decl": {
          "start": { "line": 168, "column": 16 },
          "end": { "line": 168, "column": 41 }
        },
        "loc": {
          "start": { "line": 170, "column": 24 },
          "end": { "line": 174, "column": 1 }
        }
      },
      "16": {
        "name": "inputFieldChecked",
        "decl": {
          "start": { "line": 180, "column": 16 },
          "end": { "line": 180, "column": 33 }
        },
        "loc": {
          "start": { "line": 182, "column": 29 },
          "end": { "line": 186, "column": 1 }
        }
      },
      "17": {
        "name": "inputFieldValue",
        "decl": {
          "start": { "line": 192, "column": 16 },
          "end": { "line": 192, "column": 31 }
        },
        "loc": {
          "start": { "line": 192, "column": 67 },
          "end": { "line": 195, "column": 1 }
        }
      },
      "18": {
        "name": "konami",
        "decl": {
          "start": { "line": 200, "column": 16 },
          "end": { "line": 200, "column": 22 }
        },
        "loc": {
          "start": { "line": 200, "column": 22 },
          "end": { "line": 217, "column": 1 }
        }
      },
      "19": {
        "name": "(anonymous_19)",
        "decl": {
          "start": { "line": 201, "column": 21 },
          "end": { "line": 201, "column": 22 }
        },
        "loc": {
          "start": { "line": 201, "column": 33 },
          "end": { "line": 216, "column": 3 }
        }
      },
      "20": {
        "name": "(anonymous_20)",
        "decl": {
          "start": { "line": 206, "column": 21 },
          "end": { "line": 206, "column": 22 }
        },
        "loc": {
          "start": { "line": 206, "column": 46 },
          "end": { "line": 213, "column": 5 }
        }
      },
      "21": {
        "name": "transitionHeight",
        "decl": {
          "start": { "line": 226, "column": 22 },
          "end": { "line": 226, "column": 38 }
        },
        "loc": {
          "start": { "line": 228, "column": 25 },
          "end": { "line": 260, "column": 1 }
        }
      },
      "22": {
        "name": "(anonymous_22)",
        "decl": {
          "start": { "line": 248, "column": 27 },
          "end": { "line": 248, "column": 28 }
        },
        "loc": {
          "start": { "line": 248, "column": 39 },
          "end": { "line": 259, "column": 3 }
        }
      },
      "23": {
        "name": "(anonymous_23)",
        "decl": {
          "start": { "line": 249, "column": 21 },
          "end": { "line": 249, "column": 22 }
        },
        "loc": {
          "start": { "line": 249, "column": 38 },
          "end": { "line": 255, "column": 5 }
        }
      },
      "24": {
        "name": "preventDefault",
        "decl": {
          "start": { "line": 265, "column": 16 },
          "end": { "line": 265, "column": 30 }
        },
        "loc": {
          "start": { "line": 265, "column": 43 },
          "end": { "line": 267, "column": 1 }
        }
      },
      "25": {
        "name": "assertSignal",
        "decl": {
          "start": { "line": 272, "column": 16 },
          "end": { "line": 272, "column": 28 }
        },
        "loc": {
          "start": { "line": 272, "column": 48 },
          "end": { "line": 274, "column": 1 }
        }
      },
      "26": {
        "name": "abortable",
        "decl": {
          "start": { "line": 280, "column": 22 },
          "end": { "line": 280, "column": 31 }
        },
        "loc": {
          "start": { "line": 282, "column": 21 },
          "end": { "line": 293, "column": 1 }
        }
      },
      "27": {
        "name": "(anonymous_27)",
        "decl": {
          "start": { "line": 287, "column": 19 },
          "end": { "line": 287, "column": 20 }
        },
        "loc": {
          "start": { "line": 287, "column": 33 },
          "end": { "line": 291, "column": 5 }
        }
      },
      "28": {
        "name": "(anonymous_28)",
        "decl": {
          "start": { "line": 288, "column": 39 },
          "end": { "line": 288, "column": 42 }
        },
        "loc": {
          "start": { "line": 289, "column": 8 },
          "end": { "line": 289, "column": 60 }
        }
      }
    },
    "branchMap": {
      "0": {
        "loc": {
          "start": { "line": 17, "column": 2 },
          "end": { "line": 18, "column": 45 }
        },
        "type": "binary-expr",
        "locations": [
          {
            "start": { "line": 17, "column": 2 },
            "end": { "line": 17, "column": 38 }
          },
          {
            "start": { "line": 18, "column": 2 },
            "end": { "line": 18, "column": 45 }
          }
        ]
      },
      "1": {
        "loc": {
          "start": { "line": 25, "column": 23 },
          "end": { "line": 25, "column": 59 }
        },
        "type": "if",
        "locations": [
          {
            "start": { "line": 25, "column": 23 },
            "end": { "line": 25, "column": 59 }
          }
        ]
      },
      "2": {
        "loc": {
          "start": { "line": 26, "column": 23 },
          "end": { "line": 26, "column": 53 }
        },
        "type": "if",
        "locations": [
          {
            "start": { "line": 26, "column": 23 },
            "end": { "line": 26, "column": 53 }
          }
        ]
      },
      "3": {
        "loc": {
          "start": { "line": 39, "column": 2 },
          "end": { "line": 44, "column": null }
        },
        "type": "if",
        "locations": [
          {
            "start": { "line": 39, "column": 2 },
            "end": { "line": 44, "column": null }
          }
        ]
      },
      "4": {
        "loc": {
          "start": { "line": 61, "column": 2 },
          "end": { "line": 78, "column": null }
        },
        "type": "if",
        "locations": [
          {
            "start": { "line": 61, "column": 2 },
            "end": { "line": 78, "column": null }
          }
        ]
      },
      "5": {
        "loc": {
          "start": { "line": 121, "column": 4 },
          "end": { "line": 123, "column": null }
        },
        "type": "if",
        "locations": [
          {
            "start": { "line": 121, "column": 4 },
            "end": { "line": 123, "column": null }
          }
        ]
      },
      "6": {
        "loc": {
          "start": { "line": 147, "column": 4 },
          "end": { "line": 147, "column": 75 }
        },
        "type": "cond-expr",
        "locations": [
          {
            "start": { "line": 147, "column": 34 },
            "end": { "line": 147, "column": 57 }
          },
          {
            "start": { "line": 147, "column": 60 },
            "end": { "line": 147, "column": 75 }
          }
        ]
      },
      "7": {
        "loc": {
          "start": { "line": 158, "column": 2 },
          "end": { "line": 158, "column": 24 }
        },
        "type": "default-arg",
        "locations": [
          {
            "start": { "line": 158, "column": 23 },
            "end": { "line": 158, "column": 24 }
          }
        ]
      },
      "8": {
        "loc": {
          "start": { "line": 160, "column": 2 },
          "end": { "line": 160, "column": 32 }
        },
        "type": "if",
        "locations": [
          {
            "start": { "line": 160, "column": 2 },
            "end": { "line": 160, "column": 32 }
          }
        ]
      },
      "9": {
        "loc": {
          "start": { "line": 170, "column": 2 },
          "end": { "line": 170, "column": 24 }
        },
        "type": "default-arg",
        "locations": [
          {
            "start": { "line": 170, "column": 23 },
            "end": { "line": 170, "column": 24 }
          }
        ]
      },
      "10": {
        "loc": {
          "start": { "line": 172, "column": 2 },
          "end": { "line": 172, "column": 32 }
        },
        "type": "if",
        "locations": [
          {
            "start": { "line": 172, "column": 2 },
            "end": { "line": 172, "column": 32 }
          }
        ]
      },
      "11": {
        "loc": {
          "start": { "line": 182, "column": 2 },
          "end": { "line": 182, "column": 29 }
        },
        "type": "default-arg",
        "locations": [
          {
            "start": { "line": 182, "column": 24 },
            "end": { "line": 182, "column": 29 }
          }
        ]
      },
      "12": {
        "loc": {
          "start": { "line": 184, "column": 2 },
          "end": { "line": 184, "column": 32 }
        },
        "type": "if",
        "locations": [
          {
            "start": { "line": 184, "column": 2 },
            "end": { "line": 184, "column": 32 }
          }
        ]
      },
      "13": {
        "loc": {
          "start": { "line": 192, "column": 44 },
          "end": { "line": 192, "column": 67 }
        },
        "type": "default-arg",
        "locations": [
          {
            "start": { "line": 192, "column": 65 },
            "end": { "line": 192, "column": 67 }
          }
        ]
      },
      "14": {
        "loc": {
          "start": { "line": 193, "column": 2 },
          "end": { "line": 193, "column": 32 }
        },
        "type": "if",
        "locations": [
          {
            "start": { "line": 193, "column": 2 },
            "end": { "line": 193, "column": 32 }
          }
        ]
      },
      "15": {
        "loc": {
          "start": { "line": 209, "column": 6 },
          "end": { "line": 212, "column": null }
        },
        "type": "if",
        "locations": [
          {
            "start": { "line": 209, "column": 6 },
            "end": { "line": 212, "column": null }
          }
        ]
      },
      "16": {
        "loc": {
          "start": { "line": 231, "column": 4 },
          "end": { "line": 231, "column": 44 }
        },
        "type": "default-arg",
        "locations": [
          {
            "start": { "line": 231, "column": 11 },
            "end": { "line": 231, "column": 44 }
          }
        ]
      },
      "17": {
        "loc": {
          "start": { "line": 232, "column": 4 },
          "end": { "line": 232, "column": 42 }
        },
        "type": "default-arg",
        "locations": [
          {
            "start": { "line": 232, "column": 9 },
            "end": { "line": 232, "column": 42 }
          }
        ]
      },
      "18": {
        "loc": {
          "start": { "line": 233, "column": 4 },
          "end": { "line": 233, "column": 19 }
        },
        "type": "default-arg",
        "locations": [
          {
            "start": { "line": 233, "column": 15 },
            "end": { "line": 233, "column": 19 }
          }
        ]
      },
      "19": {
        "loc": {
          "start": { "line": 234, "column": 4 },
          "end": { "line": 234, "column": 26 }
        },
        "type": "default-arg",
        "locations": [
          {
            "start": { "line": 234, "column": 13 },
            "end": { "line": 234, "column": 26 }
          }
        ]
      },
      "20": {
        "loc": {
          "start": { "line": 237, "column": 2 },
          "end": { "line": 240, "column": null }
        },
        "type": "if",
        "locations": [
          {
            "start": { "line": 237, "column": 2 },
            "end": { "line": 240, "column": null }
          }
        ]
      },
      "21": {
        "loc": {
          "start": { "line": 237, "column": 6 },
          "end": { "line": 237, "column": 35 }
        },
        "type": "binary-expr",
        "locations": [
          {
            "start": { "line": 237, "column": 6 },
            "end": { "line": 237, "column": 17 }
          },
          {
            "start": { "line": 237, "column": 21 },
            "end": { "line": 237, "column": 35 }
          }
        ]
      },
      "22": {
        "loc": {
          "start": { "line": 250, "column": 6 },
          "end": { "line": 250, "column": 38 }
        },
        "type": "if",
        "locations": [
          {
            "start": { "line": 250, "column": 6 },
            "end": { "line": 250, "column": 38 }
          }
        ]
      },
      "23": {
        "loc": {
          "start": { "line": 273, "column": 2 },
          "end": { "line": 273, "column": 73 }
        },
        "type": "if",
        "locations": [
          {
            "start": { "line": 273, "column": 2 },
            "end": { "line": 273, "column": 73 }
          }
        ]
      }
    },
    "s": {
      "0": 1,
      "1": 1,
      "2": 0,
      "3": 0,
      "4": 0,
      "5": 0,
      "6": 0,
      "7": 0,
      "8": 0,
      "9": 1,
      "10": 0,
      "11": 0,
      "12": 0,
      "13": 0,
      "14": 0,
      "15": 0,
      "16": 0,
      "17": 0,
      "18": 0,
      "19": 0,
      "20": 0,
      "21": 0,
      "22": 0,
      "23": 1,
      "24": 0,
      "25": 0,
      "26": 0,
      "27": 0,
      "28": 0,
      "29": 0,
      "30": 0,
      "31": 0,
      "32": 0,
      "33": 0,
      "34": 0,
      "35": 0,
      "36": 1,
      "37": 0,
      "38": 1,
      "39": 0,
      "40": 1,
      "41": 1,
      "42": 1,
      "43": 0,
      "44": 0,
      "45": 0,
      "46": 0,
      "47": 0,
      "48": 0,
      "49": 0,
      "50": 1,
      "51": 0,
      "52": 0,
      "53": 0,
      "54": 0,
      "55": 1,
      "56": 0,
      "57": 0,
      "58": 0,
      "59": 1,
      "60": 0,
      "61": 0,
      "62": 0,
      "63": 1,
      "64": 0,
      "65": 0,
      "66": 0,
      "67": 1,
      "68": 0,
      "69": 0,
      "70": 0,
      "71": 1,
      "72": 0,
      "73": 0,
      "74": 0,
      "75": 1,
      "76": 0,
      "77": 0,
      "78": 0,
      "79": 0,
      "80": 0,
      "81": 0,
      "82": 0,
      "83": 0,
      "84": 0,
      "85": 0,
      "86": 1,
      "87": 0,
      "88": 0,
      "89": 0,
      "90": 0,
      "91": 0,
      "92": 0,
      "93": 0,
      "94": 0,
      "95": 0,
      "96": 0,
      "97": 0,
      "98": 0,
      "99": 0,
      "100": 0,
      "101": 0,
      "102": 0,
      "103": 0,
      "104": 0,
      "105": 1,
      "106": 0,
      "107": 1,
      "108": 5,
      "109": 1,
      "110": 1,
      "111": 5,
      "112": 4,
      "113": 4,
      "114": 2,
      "115": 1
    },
    "f": {
      "0": 0,
      "1": 0,
      "2": 0,
      "3": 0,
      "4": 0,
      "5": 0,
      "6": 0,
      "7": 0,
      "8": 0,
      "9": 0,
      "10": 0,
      "11": 0,
      "12": 0,
      "13": 0,
      "14": 0,
      "15": 0,
      "16": 0,
      "17": 0,
      "18": 0,
      "19": 0,
      "20": 0,
      "21": 0,
      "22": 0,
      "23": 0,
      "24": 0,
      "25": 5,
      "26": 5,
      "27": 4,
      "28": 2
    },
    "b": {
      "0": [1, 0],
      "1": [0],
      "2": [0],
      "3": [0],
      "4": [0],
      "5": [0],
      "6": [0, 0],
      "7": [0],
      "8": [0],
      "9": [0],
      "10": [0],
      "11": [0],
      "12": [0],
      "13": [0],
      "14": [0],
      "15": [0],
      "16": [0],
      "17": [0],
      "18": [0],
      "19": [0],
      "20": [0],
      "21": [0, 0],
      "22": [0],
      "23": [1]
    }
  },
  "C:\\Intel\\questo\\projects\\squoosh\\src\\client\\lazy-app\\worker-bridge\\meta.ts": {
    "path": "C:\\Intel\\questo\\projects\\squoosh\\src\\client\\lazy-app\\worker-bridge\\meta.ts",
    "statementMap": {
      "0": {
        "start": { "line": 18, "column": 13 },
        "end": { "line": 34, "column": 11 }
      }
    },
    "fnMap": {},
    "branchMap": {},
    "s": { "0": 0 },
    "f": {},
    "b": {}
  }
}
