TN:
SF:src\client\lazy-app\util\canvas.ts
FN:2,drawDataToCanvas
FN:16,canvasEncode
FN:31,(anonymous_2)
FN:66,drawableToImageData
FN:92,builtinResize
FN:126,canvasEncodeTest
FNF:6
FNH:1
FNDA:0,drawDataToCanvas
FNDA:0,canvasEncode
FNDA:0,(anonymous_2)
FNDA:3,drawableToImageData
FNDA:0,builtinResize
FNDA:0,canvasEncodeTest
DA:2,2
DA:3,0
DA:4,0
DA:5,0
DA:6,0
DA:16,2
DA:21,0
DA:22,0
DA:23,0
DA:24,0
DA:25,0
DA:26,0
DA:30,0
DA:31,0
DA:32,0
DA:37,0
DA:38,0
DA:40,0
DA:42,0
DA:43,0
DA:44,0
DA:46,0
DA:47,0
DA:50,0
DA:53,0
DA:54,0
DA:66,2
DA:77,3
DA:80,3
DA:81,3
DA:82,3
DA:84,3
DA:85,3
DA:86,2
DA:87,2
DA:92,2
DA:102,0
DA:103,0
DA:104,0
DA:105,0
DA:107,0
DA:108,0
DA:109,0
DA:110,0
DA:111,0
DA:113,0
DA:114,0
DA:116,0
DA:119,0
DA:120,0
DA:126,2
DA:127,0
DA:128,0
DA:130,0
DA:132,0
DA:134,0
LF:56
LH:13
BRDA:4,0,0,0
BRDA:25,1,0,0
BRDA:30,2,0,0
BRDA:30,2,1,0
BRDA:40,3,0,0
BRDA:53,4,0,0
BRDA:68,5,0,3
BRDA:71,6,0,3
BRDA:72,7,0,3
BRDA:73,8,0,3
BRDA:74,9,0,3
BRDA:75,10,0,3
BRDA:76,11,0,3
BRDA:85,12,0,1
BRDA:111,13,0,0
BRDA:113,14,0,0
BRDA:113,14,1,0
BRDA:130,15,0,0
BRF:18
BRH:8
end_of_record
TN:
SF:src\client\lazy-app\util\clean-modify.ts
FN:1,cleanSetOrMerge
FN:32,copy
FN:43,cleanMerge
FN:56,cleanSet
FNF:4
FNH:0
FNDA:0,cleanSetOrMerge
FNDA:0,copy
FNDA:0,cleanMerge
FNDA:0,cleanSet
DA:7,0
DA:12,0
DA:13,0
DA:15,0
DA:17,0
DA:18,0
DA:20,0
DA:23,0
DA:29,0
DA:34,0
DA:35,0
DA:43,0
DA:48,0
DA:56,0
DA:61,0
LF:15
LH:0
BRDA:7,0,0,0
BRDA:7,0,1,0
BRDA:18,1,0,0
BRDA:18,1,1,0
BRDA:23,2,0,0
BRDA:23,2,1,0
BRDA:34,3,0,0
BRF:7
BRH:0
end_of_record
TN:
SF:src\client\lazy-app\util\index.ts
FN:24,shallowEqual
FN:30,decodeImage
FN:34,(anonymous_2)
FN:35,(anonymous_3)
FN:36,(anonymous_4)
FN:43,(anonymous_5)
FN:60,canDecodeImageType
FN:62,(anonymous_7)
FN:83,blobToArrayBuffer
FN:87,blobToText
FN:115,sniffMimeType
FN:118,(anonymous_11)
FN:128,blobToImg
FN:138,builtinDecode
FN:156,inputFieldValueAsNumber
FN:168,inputFieldCheckedAsNumber
FN:180,inputFieldChecked
FN:192,inputFieldValue
FN:200,konami
FN:201,(anonymous_19)
FN:206,(anonymous_20)
FN:226,transitionHeight
FN:248,(anonymous_22)
FN:249,(anonymous_23)
FN:265,preventDefault
FN:272,assertSignal
FN:280,abortable
FN:287,(anonymous_27)
FN:288,(anonymous_28)
FNF:29
FNH:4
FNDA:0,shallowEqual
FNDA:0,decodeImage
FNDA:0,(anonymous_2)
FNDA:0,(anonymous_3)
FNDA:0,(anonymous_4)
FNDA:0,(anonymous_5)
FNDA:0,canDecodeImageType
FNDA:0,(anonymous_7)
FNDA:0,blobToArrayBuffer
FNDA:0,blobToText
FNDA:0,sniffMimeType
FNDA:0,(anonymous_11)
FNDA:0,blobToImg
FNDA:0,builtinDecode
FNDA:0,inputFieldValueAsNumber
FNDA:0,inputFieldCheckedAsNumber
FNDA:0,inputFieldChecked
FNDA:0,inputFieldValue
FNDA:0,konami
FNDA:0,(anonymous_19)
FNDA:0,(anonymous_20)
FNDA:0,transitionHeight
FNDA:0,(anonymous_22)
FNDA:0,(anonymous_23)
FNDA:0,preventDefault
FNDA:5,assertSignal
FNDA:5,abortable
FNDA:4,(anonymous_27)
FNDA:2,(anonymous_28)
DA:13,1
DA:16,1
DA:24,1
DA:25,0
DA:26,0
DA:27,0
DA:31,0
DA:32,0
DA:33,0
DA:34,0
DA:35,0
DA:36,0
DA:39,0
DA:43,0
DA:47,0
DA:48,0
DA:52,1
DA:60,1
DA:61,0
DA:62,0
DA:63,0
DA:64,0
DA:65,0
DA:66,0
DA:67,0
DA:68,0
DA:71,0
DA:74,0
DA:77,0
DA:80,0
DA:83,1
DA:84,0
DA:87,1
DA:88,0
DA:91,1
DA:111,1
DA:115,1
DA:116,0
DA:117,0
DA:118,0
DA:120,0
DA:121,0
DA:122,0
DA:125,0
DA:128,1
DA:129,0
DA:131,0
DA:132,0
DA:134,0
DA:138,1
DA:142,0
DA:145,0
DA:149,0
DA:156,1
DA:160,0
DA:161,0
DA:168,1
DA:172,0
DA:173,0
DA:180,1
DA:184,0
DA:185,0
DA:192,1
DA:193,0
DA:194,0
DA:200,1
DA:201,0
DA:203,0
DA:204,0
DA:206,0
DA:207,0
DA:208,0
DA:209,0
DA:210,0
DA:211,0
DA:215,0
DA:226,1
DA:235,0
DA:237,0
DA:238,0
DA:239,0
DA:242,0
DA:244,0
DA:245,0
DA:246,0
DA:248,0
DA:249,0
DA:250,0
DA:251,0
DA:252,0
DA:253,0
DA:254,0
DA:257,0
DA:258,0
DA:265,1
DA:266,0
DA:272,1
DA:273,5
DA:280,1
DA:284,5
DA:285,4
DA:288,4
DA:289,2
LF:103
LH:26
BRDA:17,0,0,1
BRDA:17,0,1,0
BRDA:25,1,0,0
BRDA:26,2,0,0
BRDA:39,3,0,0
BRDA:61,4,0,0
BRDA:121,5,0,0
BRDA:147,6,0,0
BRDA:147,6,1,0
BRDA:158,7,0,0
BRDA:160,8,0,0
BRDA:170,9,0,0
BRDA:172,10,0,0
BRDA:182,11,0,0
BRDA:184,12,0,0
BRDA:192,13,0,0
BRDA:193,14,0,0
BRDA:209,15,0,0
BRDA:231,16,0,0
BRDA:232,17,0,0
BRDA:233,18,0,0
BRDA:234,19,0,0
BRDA:237,20,0,0
BRDA:237,21,0,0
BRDA:237,21,1,0
BRDA:250,22,0,0
BRDA:273,23,0,1
BRF:27
BRH:2
end_of_record
TN:
SF:src\client\lazy-app\worker-bridge\meta.ts
FNF:0
FNH:0
DA:18,0
LF:1
LH:0
BRF:0
BRH:0
end_of_record
